<?xml version="1.0" encoding="UTF-8"?>
<testsuite xmlns:xsi="http://www.w3.org/2001/XMLSchema-instance" xsi:noNamespaceSchemaLocation="https://maven.apache.org/surefire/maven-surefire-plugin/xsd/surefire-test-report.xsd" version="3.0.2" name="com.finpulse.auth.service.AuthServiceTest" time="1.52" tests="0" errors="0" skipped="0" failures="0">
  <properties>
[...]
</properties>
  <testcase name="shouldReturnUserByEmail" classname="GetUserByEmail Tests" time="1.394"/>
  <testcase name="shouldThrowWhenEmailNotFound" classname="Login Tests" time="0.032">
    <system-out><![CDATA[20:02:09.493 [main] INFO com.finpulse.auth.service.AuthService -- Tentativa de login: inexistente@email.com
]]></system-out>
  </testcase>
  <testcase name="shouldLoginSuccessfully" classname="Login Tests" time="0.022">
    <system-out><![CDATA[20:02:09.519 [main] INFO com.finpulse.auth.service.AuthService -- Tentativa de login: pedro@finpulse.com
20:02:09.519 [main] INFO com.finpulse.auth.service.AuthService -- Login realizado com sucesso: 0eba0ff6-143f-40cf-abad-2c82764bd271
]]></system-out>
  </testcase>
  <testcase name="shouldThrowWhenUserIsInactive" classname="Login Tests" time="0.004">
    <system-out><![CDATA[20:02:09.535 [main] INFO com.finpulse.auth.service.AuthService -- Tentativa de login: pedro@finpulse.com
]]></system-out>
  </testcase>
  <testcase name="shouldThrowWhenPasswordIsWrong" classname="Login Tests" time="0.005">
    <system-out><![CDATA[20:02:09.540 [main] INFO com.finpulse.auth.service.AuthService -- Tentativa de login: pedro@finpulse.com
]]></system-out>
  </testcase>
  <testcase name="shouldThrowWhenEmailExists" classname="Register Tests" time="0.009">
    <system-out><![CDATA[20:02:09.550 [main] INFO com.finpulse.auth.service.AuthService -- Registrando novo usuário: pedro@finpulse.com
]]></system-out>
  </testcase>
  <testcase name="shouldRegisterSuccessfully" classname="Register Tests" time="0.006">
    <system-out><![CDATA[20:02:09.559 [main] INFO com.finpulse.auth.service.AuthService -- Registrando novo usuário: pedro@finpulse.com
20:02:09.559 [main] INFO com.finpulse.auth.service.AuthService -- Usuário registrado com sucesso: b616b762-fd4e-4d50-9f9e-b3f71dcf0a62
]]></system-out>
  </testcase>
</testsuite>